Using pre-set license
Built from '2020.3/staging' branch; Version is '2020.3.16f1 (049d6eca3c44) revision 302446'; Using compiler version '192528614'; Build Type 'Release'
OS: 'Windows 10 Enterprise; OS build 19043.2006; Version 2009; 64bit' Language: 'en' Physical Memory: 32528 MB
BatchMode: 1, IsHumanControllingUs: 0, StartBugReporterOnCrash: 0, Is64bit: 1, IsPro: 0

 COMMAND LINE ARGUMENTS:
C:\Program Files\Unity\Editor\Unity.exe
-adb2
-batchMode
-noUpm
-name
AssetImportWorker0
-projectPath
C:/Users/snguyen31/Documents/GitHub/Unity-cool-Vr-1/2.1 Unity/2.1Challange
-logFile
Logs/AssetImportWorker0.log
-srvPort
61072
Successfully changed project path to: C:/Users/snguyen31/Documents/GitHub/Unity-cool-Vr-1/2.1 Unity/2.1Challange
C:/Users/snguyen31/Documents/GitHub/Unity-cool-Vr-1/2.1 Unity/2.1Challange
Using Asset Import Pipeline V2.
Refreshing native plugins compatible for Editor in 37.58 ms, found 3 plugins.
Preloading 0 native plugins for Editor in 0.00 ms.
Initialize engine version: 2020.3.16f1 (049d6eca3c44)
[Subsystems] Discovering subsystems at path C:/Program Files/Unity/Editor/Data/Resources/UnitySubsystems
[Subsystems] Discovering subsystems at path C:/Users/snguyen31/Documents/GitHub/Unity-cool-Vr-1/2.1 Unity/2.1Challange/Assets
GfxDevice: creating device client; threaded=0
Direct3D:
    Version:  Direct3D 11.0 [level 11.1]
    Renderer: NVIDIA Quadro P5200 (ID=0x1bb5)
    Vendor:   
    VRAM:     16255 MB
    Driver:   30.0.15.1236
Initialize mono
Mono path[0] = 'C:/Program Files/Unity/Editor/Data/Managed'
Mono path[1] = 'C:/Program Files/Unity/Editor/Data/MonoBleedingEdge/lib/mono/unityjit'
Mono config path = 'C:/Program Files/Unity/Editor/Data/MonoBleedingEdge/etc'
Using monoOptions --debugger-agent=transport=dt_socket,embedding=1,server=y,suspend=n,address=127.0.0.1:56236
Begin MonoManager ReloadAssembly
Registering precompiled unity dll's ...
Register platform support module: C:/Program Files/Unity/Editor/Data/PlaybackEngines/WindowsStandaloneSupport/UnityEditor.WindowsStandalone.Extensions.dll
Registered in 0.001842 seconds.
Native extension for WindowsStandalone target not found
Refreshing native plugins compatible for Editor in 39.37 ms, found 3 plugins.
Preloading 0 native plugins for Editor in 0.00 ms.
Mono: successfully reloaded assembly
- Completed reload, in  0.997 seconds
Domain Reload Profiling:
	ReloadAssembly (997ms)
		BeginReloadAssembly (54ms)
			ExecutionOrderSort (0ms)
			DisableScriptedObjects (0ms)
			BackupInstance (0ms)
			ReleaseScriptingObjects (0ms)
			CreateAndSetChildDomain (1ms)
		EndReloadAssembly (386ms)
			LoadAssemblies (52ms)
			RebuildTransferFunctionScriptingTraits (0ms)
			SetupTypeCache (132ms)
			ReleaseScriptCaches (0ms)
			RebuildScriptCaches (33ms)
			SetupLoadedEditorAssemblies (162ms)
				LogAssemblyErrors (0ms)
				InitializePlatformSupportModulesInManaged (4ms)
				SetLoadedEditorAssemblies (0ms)
				RefreshPlugins (39ms)
				BeforeProcessingInitializeOnLoad (9ms)
				ProcessInitializeOnLoadAttributes (80ms)
				ProcessInitializeOnLoadMethodAttributes (29ms)
				AfterProcessingInitializeOnLoad (0ms)
				EditorAssembliesLoaded (0ms)
			ExecutionOrderSort2 (0ms)
			AwakeInstancesAfterBackupRestoration (0ms)
Platform modules already initialized, skipping
Registering precompiled user dll's ...
Registered in 0.004605 seconds.
Begin MonoManager ReloadAssembly
Native extension for WindowsStandalone target not found
Refreshing native plugins compatible for Editor in 36.68 ms, found 3 plugins.
Preloading 0 native plugins for Editor in 0.00 ms.
Mono: successfully reloaded assembly
- Completed reload, in  1.161 seconds
Domain Reload Profiling:
	ReloadAssembly (1162ms)
		BeginReloadAssembly (155ms)
			ExecutionOrderSort (0ms)
			DisableScriptedObjects (4ms)
			BackupInstance (0ms)
			ReleaseScriptingObjects (0ms)
			CreateAndSetChildDomain (20ms)
		EndReloadAssembly (939ms)
			LoadAssemblies (111ms)
			RebuildTransferFunctionScriptingTraits (0ms)
			SetupTypeCache (297ms)
			ReleaseScriptCaches (0ms)
			RebuildScriptCaches (42ms)
			SetupLoadedEditorAssemblies (387ms)
				LogAssemblyErrors (0ms)
				InitializePlatformSupportModulesInManaged (4ms)
				SetLoadedEditorAssemblies (0ms)
				RefreshPlugins (37ms)
				BeforeProcessingInitializeOnLoad (61ms)
				ProcessInitializeOnLoadAttributes (261ms)
				ProcessInitializeOnLoadMethodAttributes (14ms)
				AfterProcessingInitializeOnLoad (10ms)
				EditorAssembliesLoaded (1ms)
			ExecutionOrderSort2 (0ms)
			AwakeInstancesAfterBackupRestoration (9ms)
Platform modules already initialized, skipping
========================================================================
Worker process is ready to serve import requests
Launched and connected shader compiler UnityShaderCompiler.exe after 0.05 seconds
Refreshing native plugins compatible for Editor in 0.48 ms, found 3 plugins.
Preloading 0 native plugins for Editor in 0.00 ms.
Unloading 2092 Unused Serialized files (Serialized files now loaded: 0)
System memory in use before: 93.7 MB.
System memory in use after: 93.8 MB.

Unloading 27 unused Assets to reduce memory usage. Loaded Objects now: 2530.
Total: 3.084300 ms (FindLiveObjects: 0.211200 ms CreateObjectMapping: 0.059700 ms MarkObjects: 2.788100 ms  DeleteObjects: 0.024400 ms)

AssetImportParameters requested are different than current active one (requested -> active):
  custom:framework-win-MediaFoundation: 216162199b28c13a410421893ffa2e32 -> 
  custom:video-decoder-ogg-theora: a1e56fd34408186e4bbccfd4996cb3dc -> 
  custom:container-muxer-webm: aa71ff27fc2769a1b78a27578f13a17b -> 
  custom:container-demuxer-webm: 4f35f7cbe854078d1ac9338744f61a02 -> 
  custom:container-demuxer-ogg: 62fdf1f143b41e24485cea50d1cbac27 -> 
  custom:video-encoder-webm-vp8: eb34c28f22e8b96e1ab97ce403110664 -> 
  custom:video-decoder-webm-vp8: 9c59270c3fd7afecdb556c50c9e8de78 -> 
  custom:audio-decoder-ogg-vorbis: bf7c407c2cedff20999df2af8eb42d56 -> 
  custom:audio-encoder-webm-vorbis: bf7c407c2cedff20999df2af8eb42d56 -> 
========================================================================
Received Import Request.
  path: Assets/Sunnyland/artwork/Environment/Tile pallet/tile sets.prefab
  artifactKey: Guid(049cc7ecac6023248ab9f2e00911b2be) Importer(815301076,1909f56bfc062723c751e8b465ee728b)
Start importing Assets/Sunnyland/artwork/Environment/Tile pallet/tile sets.prefab using Guid(049cc7ecac6023248ab9f2e00911b2be) Importer(815301076,1909f56bfc062723c751e8b465ee728b)  -> (artifact id: '44c379df7a38b293b71a1fe30a556ac2') in 0.098302 seconds 
  Import took 0.101332 seconds .

========================================================================
Received Import Request.
  Time since last request: 2.362098 seconds.
  path: Assets/Sunnyland/artwork/Environment/Tile pallet/tile sets.prefab
  artifactKey: Guid(049cc7ecac6023248ab9f2e00911b2be) Importer(815301076,1909f56bfc062723c751e8b465ee728b)
Start importing Assets/Sunnyland/artwork/Environment/Tile pallet/tile sets.prefab using Guid(049cc7ecac6023248ab9f2e00911b2be) Importer(815301076,1909f56bfc062723c751e8b465ee728b)  -> (artifact id: '995dba3f948efe5d870990ac7b82e757') in 0.029390 seconds 
  Import took 0.034191 seconds .

========================================================================
Received Import Request.
  Time since last request: 2.786220 seconds.
  path: Assets/Sunnyland/artwork/Environment/Tile pallet/tileset-sliced_0.asset
  artifactKey: Guid(4d0b499756817b645a2f829417c949db) Importer(815301076,1909f56bfc062723c751e8b465ee728b)
Start importing Assets/Sunnyland/artwork/Environment/Tile pallet/tileset-sliced_0.asset using Guid(4d0b499756817b645a2f829417c949db) Importer(815301076,1909f56bfc062723c751e8b465ee728b)  -> (artifact id: '2d4fadd11e0683977fe26ca873a688ba') in 0.026110 seconds 
  Import took 0.029485 seconds .

========================================================================
Received Import Request.
  Time since last request: 11.009513 seconds.
  path: Assets/Sunnyland/artwork/Environment/Tile pallet/tile sets.prefab
  artifactKey: Guid(049cc7ecac6023248ab9f2e00911b2be) Importer(815301076,1909f56bfc062723c751e8b465ee728b)
Start importing Assets/Sunnyland/artwork/Environment/Tile pallet/tile sets.prefab using Guid(049cc7ecac6023248ab9f2e00911b2be) Importer(815301076,1909f56bfc062723c751e8b465ee728b)  -> (artifact id: '434d470e897869a80beb45cc08afd46a') in 0.052605 seconds 
  Import took 0.057361 seconds .

========================================================================
Received Import Request.
  Time since last request: 0.000288 seconds.
  path: Assets/Sunnyland/artwork/Environment/Tile pallet/tileset-sliced_74.asset
  artifactKey: Guid(ab29a39c7ae9b8948b340ab4df6eb9c5) Importer(815301076,1909f56bfc062723c751e8b465ee728b)
Start importing Assets/Sunnyland/artwork/Environment/Tile pallet/tileset-sliced_74.asset using Guid(ab29a39c7ae9b8948b340ab4df6eb9c5) Importer(815301076,1909f56bfc062723c751e8b465ee728b)  -> (artifact id: 'e9081638613fc2dcb0975a85a56fff2c') in 0.014748 seconds 
  Import took 0.021312 seconds .

========================================================================
Received Import Request.
  Time since last request: 0.000411 seconds.
  path: Assets/Sunnyland/artwork/Environment/Tile pallet/tileset-sliced_35.asset
  artifactKey: Guid(4c0e64b2f59274544a71cbba73060a18) Importer(815301076,1909f56bfc062723c751e8b465ee728b)
Start importing Assets/Sunnyland/artwork/Environment/Tile pallet/tileset-sliced_35.asset using Guid(4c0e64b2f59274544a71cbba73060a18) Importer(815301076,1909f56bfc062723c751e8b465ee728b)  -> (artifact id: '92b6abcafe8603bca840e4d6f27c95f9') in 0.013018 seconds 
  Import took 0.017095 seconds .

========================================================================
Received Import Request.
  Time since last request: 0.000202 seconds.
  path: Assets/Sunnyland/artwork/Environment/Tile pallet/tileset-sliced_73.asset
  artifactKey: Guid(8d4d7ebe022611940ad52b36525d251b) Importer(815301076,1909f56bfc062723c751e8b465ee728b)
Start importing Assets/Sunnyland/artwork/Environment/Tile pallet/tileset-sliced_73.asset using Guid(8d4d7ebe022611940ad52b36525d251b) Importer(815301076,1909f56bfc062723c751e8b465ee728b)  -> (artifact id: '8ddf78fc6c51560fdb5292206e227a66') in 0.012705 seconds 
  Import took 0.016445 seconds .

========================================================================
Received Import Request.
  Time since last request: 0.000297 seconds.
  path: Assets/Sunnyland/artwork/Environment/Tile pallet/tileset-sliced_63.asset
  artifactKey: Guid(0a3f38cb68ae73f4ea3d4f1acf8f2aa8) Importer(815301076,1909f56bfc062723c751e8b465ee728b)
Start importing Assets/Sunnyland/artwork/Environment/Tile pallet/tileset-sliced_63.asset using Guid(0a3f38cb68ae73f4ea3d4f1acf8f2aa8) Importer(815301076,1909f56bfc062723c751e8b465ee728b)  -> (artifact id: '28c0eb692935acb9b08dd7e8e95055ab') in 0.017329 seconds 
  Import took 0.021533 seconds .

========================================================================
Received Import Request.
  Time since last request: 0.000265 seconds.
  path: Assets/Sunnyland/artwork/Environment/Tile pallet/tileset-sliced_6.asset
  artifactKey: Guid(f2d418358ddabbc41a7818f77b6542b7) Importer(815301076,1909f56bfc062723c751e8b465ee728b)
Start importing Assets/Sunnyland/artwork/Environment/Tile pallet/tileset-sliced_6.asset using Guid(f2d418358ddabbc41a7818f77b6542b7) Importer(815301076,1909f56bfc062723c751e8b465ee728b)  -> (artifact id: '7de02796e77c10b645ff971496cdb06d') in 0.013187 seconds 
  Import took 0.016868 seconds .

========================================================================
Received Import Request.
  Time since last request: 0.000360 seconds.
  path: Assets/Sunnyland/artwork/Environment/Tile pallet/tileset-sliced_27.asset
  artifactKey: Guid(70c69603e9109d44e82fe2d371f3d9a2) Importer(815301076,1909f56bfc062723c751e8b465ee728b)
Start importing Assets/Sunnyland/artwork/Environment/Tile pallet/tileset-sliced_27.asset using Guid(70c69603e9109d44e82fe2d371f3d9a2) Importer(815301076,1909f56bfc062723c751e8b465ee728b)  -> (artifact id: 'e4a544d86959a934137ce87b7815c3e2') in 0.017514 seconds 
  Import took 0.021974 seconds .

========================================================================
Received Import Request.
  Time since last request: 0.000222 seconds.
  path: Assets/Sunnyland/artwork/Environment/Tile pallet/tileset-sliced_61.asset
  artifactKey: Guid(492fdc1d24354c34ab21d9cc47a42994) Importer(815301076,1909f56bfc062723c751e8b465ee728b)
Start importing Assets/Sunnyland/artwork/Environment/Tile pallet/tileset-sliced_61.asset using Guid(492fdc1d24354c34ab21d9cc47a42994) Importer(815301076,1909f56bfc062723c751e8b465ee728b)  -> (artifact id: 'da57849236d6d472f2d987e13f470a1e') in 0.012567 seconds 
  Import took 0.018174 seconds .

========================================================================
Received Import Request.
  Time since last request: 0.000315 seconds.
  path: Assets/Sunnyland/artwork/Environment/Tile pallet/tileset-sliced_76.asset
  artifactKey: Guid(7b65d413f596f0c4b9574326ae3afb06) Importer(815301076,1909f56bfc062723c751e8b465ee728b)
Start importing Assets/Sunnyland/artwork/Environment/Tile pallet/tileset-sliced_76.asset using Guid(7b65d413f596f0c4b9574326ae3afb06) Importer(815301076,1909f56bfc062723c751e8b465ee728b)  -> (artifact id: '365de9b2237975654495017ac0505c00') in 0.016330 seconds 
  Import took 0.021842 seconds .

========================================================================
Received Import Request.
  Time since last request: 0.000339 seconds.
  path: Assets/Sunnyland/artwork/Environment/Tile pallet/tileset-sliced_59.asset
  artifactKey: Guid(9d1de69a829137842805beecdf9e1f75) Importer(815301076,1909f56bfc062723c751e8b465ee728b)
Start importing Assets/Sunnyland/artwork/Environment/Tile pallet/tileset-sliced_59.asset using Guid(9d1de69a829137842805beecdf9e1f75) Importer(815301076,1909f56bfc062723c751e8b465ee728b)  -> (artifact id: '7c663e53a8efe154dc1847030cd6355d') in 0.013900 seconds 
  Import took 0.017303 seconds .

========================================================================
Received Import Request.
  Time since last request: 0.000268 seconds.
  path: Assets/Sunnyland/artwork/Environment/Tile pallet/tileset-sliced_10.asset
  artifactKey: Guid(2017917727eaabb4bac5f7eb03c4ac1a) Importer(815301076,1909f56bfc062723c751e8b465ee728b)
Start importing Assets/Sunnyland/artwork/Environment/Tile pallet/tileset-sliced_10.asset using Guid(2017917727eaabb4bac5f7eb03c4ac1a) Importer(815301076,1909f56bfc062723c751e8b465ee728b)  -> (artifact id: 'f346f21336d1039c530a39c1b254f412') in 0.014264 seconds 
  Import took 0.017921 seconds .

========================================================================
Received Import Request.
  Time since last request: 0.000309 seconds.
  path: Assets/Sunnyland/artwork/Environment/Tile pallet/tileset-sliced_5.asset
  artifactKey: Guid(cf419fe118f222248b7a4570c83137aa) Importer(815301076,1909f56bfc062723c751e8b465ee728b)
Start importing Assets/Sunnyland/artwork/Environment/Tile pallet/tileset-sliced_5.asset using Guid(cf419fe118f222248b7a4570c83137aa) Importer(815301076,1909f56bfc062723c751e8b465ee728b)  -> (artifact id: '9530487a05310243ed7ea999b017d622') in 0.016394 seconds 
  Import took 0.020482 seconds .

========================================================================
Received Import Request.
  Time since last request: 0.000179 seconds.
  path: Assets/Sunnyland/artwork/Environment/Tile pallet/tileset-sliced_51.asset
  artifactKey: Guid(15dfe398c9bd417419b3e34ceeb11208) Importer(815301076,1909f56bfc062723c751e8b465ee728b)
Start importing Assets/Sunnyland/artwork/Environment/Tile pallet/tileset-sliced_51.asset using Guid(15dfe398c9bd417419b3e34ceeb11208) Importer(815301076,1909f56bfc062723c751e8b465ee728b)  -> (artifact id: '0ec853a71e70b6f9fd05a1531d39aa39') in 0.014288 seconds 
  Import took 0.017902 seconds .

========================================================================
Received Import Request.
  Time since last request: 0.000287 seconds.
  path: Assets/Sunnyland/artwork/Environment/Tile pallet/tileset-sliced_29.asset
  artifactKey: Guid(45ad3458a258d6b45a7f56eb8df5a687) Importer(815301076,1909f56bfc062723c751e8b465ee728b)
Start importing Assets/Sunnyland/artwork/Environment/Tile pallet/tileset-sliced_29.asset using Guid(45ad3458a258d6b45a7f56eb8df5a687) Importer(815301076,1909f56bfc062723c751e8b465ee728b)  -> (artifact id: 'c3cbdb9432023b1b4a91a6e529d9d667') in 0.014446 seconds 
  Import took 0.021950 seconds .

========================================================================
Received Import Request.
  Time since last request: 0.000255 seconds.
  path: Assets/Sunnyland/artwork/Environment/Tile pallet/tileset-sliced_53.asset
  artifactKey: Guid(ba1e4bbfec24df74eb3c6ccae0497926) Importer(815301076,1909f56bfc062723c751e8b465ee728b)
Start importing Assets/Sunnyland/artwork/Environment/Tile pallet/tileset-sliced_53.asset using Guid(ba1e4bbfec24df74eb3c6ccae0497926) Importer(815301076,1909f56bfc062723c751e8b465ee728b)  -> (artifact id: '10b61f2a11e735bcdf9559d594c115a2') in 0.011955 seconds 
  Import took 0.015686 seconds .

========================================================================
Received Import Request.
  Time since last request: 0.000293 seconds.
  path: Assets/Sunnyland/artwork/Environment/Tile pallet/tileset-sliced_55.asset
  artifactKey: Guid(6d1cad62cdf05394eae1323b891ac5b3) Importer(815301076,1909f56bfc062723c751e8b465ee728b)
Start importing Assets/Sunnyland/artwork/Environment/Tile pallet/tileset-sliced_55.asset using Guid(6d1cad62cdf05394eae1323b891ac5b3) Importer(815301076,1909f56bfc062723c751e8b465ee728b)  -> (artifact id: 'f15ae561b1013507c53ef85754e13478') in 0.016105 seconds 
  Import took 0.019552 seconds .

========================================================================
Received Import Request.
  Time since last request: 0.000280 seconds.
  path: Assets/Sunnyland/artwork/Environment/Tile pallet/tileset-sliced_77.asset
  artifactKey: Guid(29cea6411e2fbb7459211f453a586947) Importer(815301076,1909f56bfc062723c751e8b465ee728b)
Start importing Assets/Sunnyland/artwork/Environment/Tile pallet/tileset-sliced_77.asset using Guid(29cea6411e2fbb7459211f453a586947) Importer(815301076,1909f56bfc062723c751e8b465ee728b)  -> (artifact id: '8bf0e84b5db7e136bd15089a7f86f3f2') in 0.013131 seconds 
  Import took 0.017067 seconds .

========================================================================
Received Import Request.
  Time since last request: 0.000154 seconds.
  path: Assets/Sunnyland/artwork/Environment/Tile pallet/tileset-sliced_75.asset
  artifactKey: Guid(1f546f88ce8891e4dba2fca31c6130ef) Importer(815301076,1909f56bfc062723c751e8b465ee728b)
Start importing Assets/Sunnyland/artwork/Environment/Tile pallet/tileset-sliced_75.asset using Guid(1f546f88ce8891e4dba2fca31c6130ef) Importer(815301076,1909f56bfc062723c751e8b465ee728b)  -> (artifact id: '8d1cc5a8e0bdbe6449339efb705a6a43') in 0.014486 seconds 
  Import took 0.018723 seconds .

========================================================================
Received Import Request.
  Time since last request: 0.000341 seconds.
  path: Assets/Sunnyland/artwork/Environment/Tile pallet/tileset-sliced_78.asset
  artifactKey: Guid(78a3e2db63c2ba6418c3fa2189c6ed9b) Importer(815301076,1909f56bfc062723c751e8b465ee728b)
Start importing Assets/Sunnyland/artwork/Environment/Tile pallet/tileset-sliced_78.asset using Guid(78a3e2db63c2ba6418c3fa2189c6ed9b) Importer(815301076,1909f56bfc062723c751e8b465ee728b)  -> (artifact id: '11d6dc5cb3882689bde42ed96bd62e51') in 0.015089 seconds 
  Import took 0.019495 seconds .

========================================================================
Received Import Request.
  Time since last request: 0.000227 seconds.
  path: Assets/Sunnyland/artwork/Environment/Tile pallet/tileset-sliced_14.asset
  artifactKey: Guid(1a0390e10d01e254eb2ac2ab1b8c7267) Importer(815301076,1909f56bfc062723c751e8b465ee728b)
Start importing Assets/Sunnyland/artwork/Environment/Tile pallet/tileset-sliced_14.asset using Guid(1a0390e10d01e254eb2ac2ab1b8c7267) Importer(815301076,1909f56bfc062723c751e8b465ee728b)  -> (artifact id: '36784f036977254429d2d0bdf4f181b6') in 0.013834 seconds 
  Import took 0.017544 seconds .

========================================================================
Received Import Request.
  Time since last request: 0.000287 seconds.
  path: Assets/Sunnyland/artwork/Environment/Tile pallet/tileset-sliced_20.asset
  artifactKey: Guid(87f714b8361fa45409ec13391cd0e901) Importer(815301076,1909f56bfc062723c751e8b465ee728b)
Start importing Assets/Sunnyland/artwork/Environment/Tile pallet/tileset-sliced_20.asset using Guid(87f714b8361fa45409ec13391cd0e901) Importer(815301076,1909f56bfc062723c751e8b465ee728b)  -> (artifact id: '6d6687d6be2ff9a6c8421db68d338f64') in 0.013337 seconds 
  Import took 0.017407 seconds .

========================================================================
Received Import Request.
  Time since last request: 0.000140 seconds.
  path: Assets/Sunnyland/artwork/Environment/Tile pallet/tileset-sliced_38.asset
  artifactKey: Guid(0af5a0dac472cbc41ac9b5664f8128b9) Importer(815301076,1909f56bfc062723c751e8b465ee728b)
Start importing Assets/Sunnyland/artwork/Environment/Tile pallet/tileset-sliced_38.asset using Guid(0af5a0dac472cbc41ac9b5664f8128b9) Importer(815301076,1909f56bfc062723c751e8b465ee728b)  -> (artifact id: '86c99b89c4e3dda7dce7f8d588b51714') in 0.016586 seconds 
  Import took 0.021705 seconds .

========================================================================
Received Import Request.
  Time since last request: 0.000423 seconds.
  path: Assets/Sunnyland/artwork/Environment/Tile pallet/tileset-sliced_71.asset
  artifactKey: Guid(66c9a860dbb5e6d40a1dff568899f810) Importer(815301076,1909f56bfc062723c751e8b465ee728b)
Start importing Assets/Sunnyland/artwork/Environment/Tile pallet/tileset-sliced_71.asset using Guid(66c9a860dbb5e6d40a1dff568899f810) Importer(815301076,1909f56bfc062723c751e8b465ee728b)  -> (artifact id: '3b884d5ec2d9bb322ba750f8f881f578') in 0.014612 seconds 
  Import took 0.018463 seconds .

========================================================================
Received Import Request.
  Time since last request: 0.000178 seconds.
  path: Assets/Sunnyland/artwork/Environment/Tile pallet/tileset-sliced_32.asset
  artifactKey: Guid(8d99c3e1c61dd5e46a1de2c9ef4f1adb) Importer(815301076,1909f56bfc062723c751e8b465ee728b)
Start importing Assets/Sunnyland/artwork/Environment/Tile pallet/tileset-sliced_32.asset using Guid(8d99c3e1c61dd5e46a1de2c9ef4f1adb) Importer(815301076,1909f56bfc062723c751e8b465ee728b)  -> (artifact id: '64f4496c326663e1d1bd203d8474e8cc') in 0.015636 seconds 
  Import took 0.019211 seconds .

========================================================================
Received Import Request.
  Time since last request: 0.000300 seconds.
  path: Assets/Sunnyland/artwork/Environment/Tile pallet/tileset-sliced_46.asset
  artifactKey: Guid(d49ccb3d42efc8b4ba0eec365fbbeafb) Importer(815301076,1909f56bfc062723c751e8b465ee728b)
Start importing Assets/Sunnyland/artwork/Environment/Tile pallet/tileset-sliced_46.asset using Guid(d49ccb3d42efc8b4ba0eec365fbbeafb) Importer(815301076,1909f56bfc062723c751e8b465ee728b)  -> (artifact id: '1d64cf953c952e1f2a74824bf9889c2a') in 0.013067 seconds 
  Import took 0.017359 seconds .

========================================================================
Received Import Request.
  Time since last request: 0.000171 seconds.
  path: Assets/Sunnyland/artwork/Environment/Tile pallet/tileset-sliced_62.asset
  artifactKey: Guid(a28e91ac6e49c43479b16c468b3d3da0) Importer(815301076,1909f56bfc062723c751e8b465ee728b)
Start importing Assets/Sunnyland/artwork/Environment/Tile pallet/tileset-sliced_62.asset using Guid(a28e91ac6e49c43479b16c468b3d3da0) Importer(815301076,1909f56bfc062723c751e8b465ee728b)  -> (artifact id: 'd9de424976fb450c37883a459403adc4') in 0.012308 seconds 
  Import took 0.016174 seconds .

========================================================================
Received Import Request.
  Time since last request: 0.000252 seconds.
  path: Assets/Sunnyland/artwork/Environment/Tile pallet/tileset-sliced_8.asset
  artifactKey: Guid(60514330ef01d7e49a0613e113006980) Importer(815301076,1909f56bfc062723c751e8b465ee728b)
Start importing Assets/Sunnyland/artwork/Environment/Tile pallet/tileset-sliced_8.asset using Guid(60514330ef01d7e49a0613e113006980) Importer(815301076,1909f56bfc062723c751e8b465ee728b)  -> (artifact id: 'b69b7993918de35d865687158814f0d0') in 0.013211 seconds 
  Import took 0.017266 seconds .

========================================================================
Received Import Request.
  Time since last request: 0.000284 seconds.
  path: Assets/Sunnyland/artwork/Environment/Tile pallet/tileset-sliced_42.asset
  artifactKey: Guid(0bc7a56e61977624388eb51b7cbbc252) Importer(815301076,1909f56bfc062723c751e8b465ee728b)
Start importing Assets/Sunnyland/artwork/Environment/Tile pallet/tileset-sliced_42.asset using Guid(0bc7a56e61977624388eb51b7cbbc252) Importer(815301076,1909f56bfc062723c751e8b465ee728b)  -> (artifact id: 'c015a4d508c57901f82fa3784d94e90d') in 0.014863 seconds 
  Import took 0.019342 seconds .

========================================================================
Received Import Request.
  Time since last request: 0.000268 seconds.
  path: Assets/Sunnyland/artwork/Environment/Tile pallet/tileset-sliced_4.asset
  artifactKey: Guid(040b73462569737489d32a6868ec7a49) Importer(815301076,1909f56bfc062723c751e8b465ee728b)
Start importing Assets/Sunnyland/artwork/Environment/Tile pallet/tileset-sliced_4.asset using Guid(040b73462569737489d32a6868ec7a49) Importer(815301076,1909f56bfc062723c751e8b465ee728b)  -> (artifact id: 'a9574a46d79f58b733aa2e092bf21852') in 0.013475 seconds 
  Import took 0.016616 seconds .

========================================================================
Received Import Request.
  Time since last request: 0.000308 seconds.
  path: Assets/Sunnyland/artwork/Environment/Tile pallet/tileset-sliced_36.asset
  artifactKey: Guid(9dd583a773c762247839797f391a4c62) Importer(815301076,1909f56bfc062723c751e8b465ee728b)
Start importing Assets/Sunnyland/artwork/Environment/Tile pallet/tileset-sliced_36.asset using Guid(9dd583a773c762247839797f391a4c62) Importer(815301076,1909f56bfc062723c751e8b465ee728b)  -> (artifact id: '0f8b2360e82b8528085a4545bbbfc249') in 0.015791 seconds 
  Import took 0.020488 seconds .

========================================================================
Received Import Request.
  Time since last request: 0.000228 seconds.
  path: Assets/Sunnyland/artwork/Environment/Tile pallet/tileset-sliced_9.asset
  artifactKey: Guid(a6fa7ce597a38e44282ca79747ef6b4c) Importer(815301076,1909f56bfc062723c751e8b465ee728b)
Start importing Assets/Sunnyland/artwork/Environment/Tile pallet/tileset-sliced_9.asset using Guid(a6fa7ce597a38e44282ca79747ef6b4c) Importer(815301076,1909f56bfc062723c751e8b465ee728b)  -> (artifact id: '5bc197f76c2ffe6e637f798948eb4495') in 0.011512 seconds 
  Import took 0.016139 seconds .

========================================================================
Received Import Request.
  Time since last request: 0.000522 seconds.
  path: Assets/Sunnyland/artwork/Environment/Tile pallet/tileset-sliced_16.asset
  artifactKey: Guid(08393208c5bcc2f4e86651c30e66f36f) Importer(815301076,1909f56bfc062723c751e8b465ee728b)
Start importing Assets/Sunnyland/artwork/Environment/Tile pallet/tileset-sliced_16.asset using Guid(08393208c5bcc2f4e86651c30e66f36f) Importer(815301076,1909f56bfc062723c751e8b465ee728b)  -> (artifact id: 'f4314714318f4e442e0fd18f841966b6') in 0.017239 seconds 
  Import took 0.021141 seconds .

========================================================================
Received Import Request.
  Time since last request: 0.000279 seconds.
  path: Assets/Sunnyland/artwork/Environment/Tile pallet/tileset-sliced_66.asset
  artifactKey: Guid(a9654d6d806a7bd4aae27436d72b3a64) Importer(815301076,1909f56bfc062723c751e8b465ee728b)
Start importing Assets/Sunnyland/artwork/Environment/Tile pallet/tileset-sliced_66.asset using Guid(a9654d6d806a7bd4aae27436d72b3a64) Importer(815301076,1909f56bfc062723c751e8b465ee728b)  -> (artifact id: 'd061191e28f51462d9762ab2f40ae7eb') in 0.012604 seconds 
  Import took 0.016854 seconds .

========================================================================
Received Import Request.
  Time since last request: 0.000234 seconds.
  path: Assets/Sunnyland/artwork/Environment/Tile pallet/tileset-sliced_37.asset
  artifactKey: Guid(e2d903e539cb8a046b7c45942102cc37) Importer(815301076,1909f56bfc062723c751e8b465ee728b)
Start importing Assets/Sunnyland/artwork/Environment/Tile pallet/tileset-sliced_37.asset using Guid(e2d903e539cb8a046b7c45942102cc37) Importer(815301076,1909f56bfc062723c751e8b465ee728b)  -> (artifact id: '9892f1f340f3adb67e844114906e75a6') in 0.015308 seconds 
  Import took 0.019471 seconds .

========================================================================
Received Import Request.
  Time since last request: 0.000244 seconds.
  path: Assets/Sunnyland/artwork/Environment/Tile pallet/tileset-sliced_1.asset
  artifactKey: Guid(8208fdbabbc487345a9e121aba4a7f83) Importer(815301076,1909f56bfc062723c751e8b465ee728b)
Start importing Assets/Sunnyland/artwork/Environment/Tile pallet/tileset-sliced_1.asset using Guid(8208fdbabbc487345a9e121aba4a7f83) Importer(815301076,1909f56bfc062723c751e8b465ee728b)  -> (artifact id: 'bb3c768bdaf005ad3b045e4c39cd95cb') in 0.012878 seconds 
  Import took 0.016599 seconds .

========================================================================
Received Import Request.
  Time since last request: 0.000239 seconds.
  path: Assets/Sunnyland/artwork/Environment/Tile pallet/tileset-sliced_60.asset
  artifactKey: Guid(1665100ce63477b4bac26bffa81a6e96) Importer(815301076,1909f56bfc062723c751e8b465ee728b)
Start importing Assets/Sunnyland/artwork/Environment/Tile pallet/tileset-sliced_60.asset using Guid(1665100ce63477b4bac26bffa81a6e96) Importer(815301076,1909f56bfc062723c751e8b465ee728b)  -> (artifact id: 'f029fc95cc587460505a128184ab1820') in 0.015206 seconds 
  Import took 0.018627 seconds .

========================================================================
Received Import Request.
  Time since last request: 0.000355 seconds.
  path: Assets/Sunnyland/artwork/Environment/Tile pallet/tileset-sliced_48.asset
  artifactKey: Guid(213cf433c9e742f4f9733b224fed317e) Importer(815301076,1909f56bfc062723c751e8b465ee728b)
Start importing Assets/Sunnyland/artwork/Environment/Tile pallet/tileset-sliced_48.asset using Guid(213cf433c9e742f4f9733b224fed317e) Importer(815301076,1909f56bfc062723c751e8b465ee728b)  -> (artifact id: '844f1b7f89aa7e6998b07abb03f68b7d') in 0.013818 seconds 
  Import took 0.017436 seconds .

========================================================================
Received Import Request.
  Time since last request: 0.000283 seconds.
  path: Assets/Sunnyland/artwork/Environment/Tile pallet/tileset-sliced_17.asset
  artifactKey: Guid(44da1d942dcbcf14ca1841ac184cbb00) Importer(815301076,1909f56bfc062723c751e8b465ee728b)
Start importing Assets/Sunnyland/artwork/Environment/Tile pallet/tileset-sliced_17.asset using Guid(44da1d942dcbcf14ca1841ac184cbb00) Importer(815301076,1909f56bfc062723c751e8b465ee728b)  -> (artifact id: '740b367ae66c96b040ae8bdc244a31dc') in 0.019575 seconds 
  Import took 0.023362 seconds .

========================================================================
Received Import Request.
  Time since last request: 0.000246 seconds.
  path: Assets/Sunnyland/artwork/Environment/Tile pallet/tileset-sliced_18.asset
  artifactKey: Guid(4733cf32431075d45af8d440ad22c0a1) Importer(815301076,1909f56bfc062723c751e8b465ee728b)
Start importing Assets/Sunnyland/artwork/Environment/Tile pallet/tileset-sliced_18.asset using Guid(4733cf32431075d45af8d440ad22c0a1) Importer(815301076,1909f56bfc062723c751e8b465ee728b)  -> (artifact id: '7bd919fcb18f931a40098e0fa836f924') in 0.012970 seconds 
  Import took 0.016457 seconds .

========================================================================
Received Import Request.
  Time since last request: 0.000564 seconds.
  path: Assets/Sunnyland/artwork/Environment/Tile pallet/tileset-sliced_52.asset
  artifactKey: Guid(5d3dbf1034a937c4f9507d66867b2ea2) Importer(815301076,1909f56bfc062723c751e8b465ee728b)
Start importing Assets/Sunnyland/artwork/Environment/Tile pallet/tileset-sliced_52.asset using Guid(5d3dbf1034a937c4f9507d66867b2ea2) Importer(815301076,1909f56bfc062723c751e8b465ee728b)  -> (artifact id: 'c0631b94bb0cbb72d8119efce5651bd6') in 0.016500 seconds 
  Import took 0.020324 seconds .

========================================================================
Received Import Request.
  Time since last request: 0.000332 seconds.
  path: Assets/Sunnyland/artwork/Environment/Tile pallet/tileset-sliced_68.asset
  artifactKey: Guid(d773739704247d541b0584d1a38b337d) Importer(815301076,1909f56bfc062723c751e8b465ee728b)
Start importing Assets/Sunnyland/artwork/Environment/Tile pallet/tileset-sliced_68.asset using Guid(d773739704247d541b0584d1a38b337d) Importer(815301076,1909f56bfc062723c751e8b465ee728b)  -> (artifact id: '9acbc3d3ae8908ffa4f03905e7c699e3') in 0.013498 seconds 
  Import took 0.017063 seconds .

========================================================================
Received Import Request.
  Time since last request: 0.000460 seconds.
  path: Assets/Sunnyland/artwork/Environment/Tile pallet/tileset-sliced_50.asset
  artifactKey: Guid(a7f90b37e7596f74c9fdad947797d923) Importer(815301076,1909f56bfc062723c751e8b465ee728b)
Start importing Assets/Sunnyland/artwork/Environment/Tile pallet/tileset-sliced_50.asset using Guid(a7f90b37e7596f74c9fdad947797d923) Importer(815301076,1909f56bfc062723c751e8b465ee728b)  -> (artifact id: '4d556e8642eecaeb20e894fa9ec00418') in 0.015707 seconds 
  Import took 0.019427 seconds .

========================================================================
Received Import Request.
  Time since last request: 0.000256 seconds.
  path: Assets/Sunnyland/artwork/Environment/Tile pallet/tileset-sliced_25.asset
  artifactKey: Guid(d843b8529e6801647a531db710045dd1) Importer(815301076,1909f56bfc062723c751e8b465ee728b)
Start importing Assets/Sunnyland/artwork/Environment/Tile pallet/tileset-sliced_25.asset using Guid(d843b8529e6801647a531db710045dd1) Importer(815301076,1909f56bfc062723c751e8b465ee728b)  -> (artifact id: 'eac1b4e527e693564424d0d0d8f03449') in 0.014733 seconds 
  Import took 0.017817 seconds .

========================================================================
Received Import Request.
  Time since last request: 0.000264 seconds.
  path: Assets/Sunnyland/artwork/Environment/Tile pallet/tileset-sliced_33.asset
  artifactKey: Guid(881423e7f4248c54196fa585bbaf8ec8) Importer(815301076,1909f56bfc062723c751e8b465ee728b)
Start importing Assets/Sunnyland/artwork/Environment/Tile pallet/tileset-sliced_33.asset using Guid(881423e7f4248c54196fa585bbaf8ec8) Importer(815301076,1909f56bfc062723c751e8b465ee728b)  -> (artifact id: '41455d334a911e9167b188e9405703d8') in 0.014526 seconds 
  Import took 0.017982 seconds .

========================================================================
Received Import Request.
  Time since last request: 0.000550 seconds.
  path: Assets/Sunnyland/artwork/Environment/Tile pallet/tileset-sliced_19.asset
  artifactKey: Guid(94b7f416d738e834a8f90c5d1177f4cc) Importer(815301076,1909f56bfc062723c751e8b465ee728b)
Start importing Assets/Sunnyland/artwork/Environment/Tile pallet/tileset-sliced_19.asset using Guid(94b7f416d738e834a8f90c5d1177f4cc) Importer(815301076,1909f56bfc062723c751e8b465ee728b)  -> (artifact id: '8fb9a233ae787af647c767c48c0fa3b1') in 0.011587 seconds 
  Import took 0.018699 seconds .

========================================================================
Received Import Request.
  Time since last request: 0.000300 seconds.
  path: Assets/Sunnyland/artwork/Environment/Tile pallet/tileset-sliced_72.asset
  artifactKey: Guid(5a0d04e119d8e7e49b69fc24fbe9ac7f) Importer(815301076,1909f56bfc062723c751e8b465ee728b)
Start importing Assets/Sunnyland/artwork/Environment/Tile pallet/tileset-sliced_72.asset using Guid(5a0d04e119d8e7e49b69fc24fbe9ac7f) Importer(815301076,1909f56bfc062723c751e8b465ee728b)  -> (artifact id: '136d65b40bf28a46714f13f4de2e118e') in 0.014918 seconds 
  Import took 0.019537 seconds .

========================================================================
Received Import Request.
  Time since last request: 0.000693 seconds.
  path: Assets/Sunnyland/artwork/Environment/Tile pallet/tileset-sliced_15.asset
  artifactKey: Guid(fed16310c9cb84344b561b9a21fcc155) Importer(815301076,1909f56bfc062723c751e8b465ee728b)
Start importing Assets/Sunnyland/artwork/Environment/Tile pallet/tileset-sliced_15.asset using Guid(fed16310c9cb84344b561b9a21fcc155) Importer(815301076,1909f56bfc062723c751e8b465ee728b)  -> (artifact id: '3e5de586c3166e4eca14cd8f929e8a03') in 0.014381 seconds 
  Import took 0.018094 seconds .

========================================================================
Received Import Request.
  Time since last request: 0.000312 seconds.
  path: Assets/Sunnyland/artwork/Environment/Tile pallet/tileset-sliced_34.asset
  artifactKey: Guid(f4b5b7ac433ad80428533f0a85c3341e) Importer(815301076,1909f56bfc062723c751e8b465ee728b)
Start importing Assets/Sunnyland/artwork/Environment/Tile pallet/tileset-sliced_34.asset using Guid(f4b5b7ac433ad80428533f0a85c3341e) Importer(815301076,1909f56bfc062723c751e8b465ee728b)  -> (artifact id: 'b9a8464c423e8549151e5b1457dc3f30') in 0.014974 seconds 
  Import took 0.020157 seconds .

========================================================================
Received Import Request.
  Time since last request: 0.000232 seconds.
  path: Assets/Sunnyland/artwork/Environment/Tile pallet/tileset-sliced_40.asset
  artifactKey: Guid(22ac0fed53dcb174c8954adcce7dcf35) Importer(815301076,1909f56bfc062723c751e8b465ee728b)
Start importing Assets/Sunnyland/artwork/Environment/Tile pallet/tileset-sliced_40.asset using Guid(22ac0fed53dcb174c8954adcce7dcf35) Importer(815301076,1909f56bfc062723c751e8b465ee728b)  -> (artifact id: '8baa200e1c0892cb232d5abd111f0de7') in 0.014140 seconds 
  Import took 0.017576 seconds .

========================================================================
Received Import Request.
  Time since last request: 0.000202 seconds.
  path: Assets/Sunnyland/artwork/Environment/Tile pallet/tileset-sliced_47.asset
  artifactKey: Guid(a72c0712e3f4e094d86c3164183cb731) Importer(815301076,1909f56bfc062723c751e8b465ee728b)
Start importing Assets/Sunnyland/artwork/Environment/Tile pallet/tileset-sliced_47.asset using Guid(a72c0712e3f4e094d86c3164183cb731) Importer(815301076,1909f56bfc062723c751e8b465ee728b)  -> (artifact id: 'e65559a6b133703af8044c66e69c4a63') in 0.021786 seconds 
  Import took 0.026613 seconds .

========================================================================
Received Import Request.
  Time since last request: 0.000282 seconds.
  path: Assets/Sunnyland/artwork/Environment/Tile pallet/tileset-sliced_28.asset
  artifactKey: Guid(b1fd42a3023fc3d45a0e6f860801432b) Importer(815301076,1909f56bfc062723c751e8b465ee728b)
Start importing Assets/Sunnyland/artwork/Environment/Tile pallet/tileset-sliced_28.asset using Guid(b1fd42a3023fc3d45a0e6f860801432b) Importer(815301076,1909f56bfc062723c751e8b465ee728b)  -> (artifact id: 'c0091798b075745deb4e1dee355cbc1a') in 0.013893 seconds 
  Import took 0.017264 seconds .

========================================================================
Received Import Request.
  Time since last request: 0.000299 seconds.
  path: Assets/Sunnyland/artwork/Environment/Tile pallet/tileset-sliced_26.asset
  artifactKey: Guid(4e5c4dcf3e80f9846ada2babd3277689) Importer(815301076,1909f56bfc062723c751e8b465ee728b)
Start importing Assets/Sunnyland/artwork/Environment/Tile pallet/tileset-sliced_26.asset using Guid(4e5c4dcf3e80f9846ada2babd3277689) Importer(815301076,1909f56bfc062723c751e8b465ee728b)  -> (artifact id: 'b8f1905b72296410dd8b18118aad893d') in 0.017978 seconds 
  Import took 0.021802 seconds .

========================================================================
Received Import Request.
  Time since last request: 0.000216 seconds.
  path: Assets/Sunnyland/artwork/Environment/Tile pallet/tileset-sliced_31.asset
  artifactKey: Guid(7ecc08068c7539e4ea31b06896abdf93) Importer(815301076,1909f56bfc062723c751e8b465ee728b)
Start importing Assets/Sunnyland/artwork/Environment/Tile pallet/tileset-sliced_31.asset using Guid(7ecc08068c7539e4ea31b06896abdf93) Importer(815301076,1909f56bfc062723c751e8b465ee728b)  -> (artifact id: '24c4338e6ed57e0fe9fd94bf865e2e1d') in 0.014941 seconds 
  Import took 0.018559 seconds .

========================================================================
Received Import Request.
  Time since last request: 0.000402 seconds.
  path: Assets/Sunnyland/artwork/Environment/Tile pallet/tileset-sliced_56.asset
  artifactKey: Guid(ddc75b2c4f6595c42b4d249b13c58d12) Importer(815301076,1909f56bfc062723c751e8b465ee728b)
Start importing Assets/Sunnyland/artwork/Environment/Tile pallet/tileset-sliced_56.asset using Guid(ddc75b2c4f6595c42b4d249b13c58d12) Importer(815301076,1909f56bfc062723c751e8b465ee728b)  -> (artifact id: '0973b767d78ef74eff416e10730804a1') in 0.015342 seconds 
  Import took 0.020953 seconds .

========================================================================
Received Import Request.
  Time since last request: 0.000259 seconds.
  path: Assets/Sunnyland/artwork/Environment/Tile pallet/tileset-sliced_30.asset
  artifactKey: Guid(79f6751eec2969349b5fa1470e612414) Importer(815301076,1909f56bfc062723c751e8b465ee728b)
Start importing Assets/Sunnyland/artwork/Environment/Tile pallet/tileset-sliced_30.asset using Guid(79f6751eec2969349b5fa1470e612414) Importer(815301076,1909f56bfc062723c751e8b465ee728b)  -> (artifact id: '8138b01c350b3aeaa95b36afc1fae649') in 0.014056 seconds 
  Import took 0.018069 seconds .

========================================================================
Received Import Request.
  Time since last request: 0.000396 seconds.
  path: Assets/Sunnyland/artwork/Environment/Tile pallet/tileset-sliced_39.asset
  artifactKey: Guid(c8c5ea96c5a4f074ea043318245730ff) Importer(815301076,1909f56bfc062723c751e8b465ee728b)
Start importing Assets/Sunnyland/artwork/Environment/Tile pallet/tileset-sliced_39.asset using Guid(c8c5ea96c5a4f074ea043318245730ff) Importer(815301076,1909f56bfc062723c751e8b465ee728b)  -> (artifact id: '37fa0b246108a5bf618e1bfa2ac50b35') in 0.017519 seconds 
  Import took 0.021071 seconds .

========================================================================
Received Import Request.
  Time since last request: 0.000286 seconds.
  path: Assets/Sunnyland/artwork/Environment/Tile pallet/tileset-sliced_58.asset
  artifactKey: Guid(6552e7690effaeb4e9023ca636fe721a) Importer(815301076,1909f56bfc062723c751e8b465ee728b)
Start importing Assets/Sunnyland/artwork/Environment/Tile pallet/tileset-sliced_58.asset using Guid(6552e7690effaeb4e9023ca636fe721a) Importer(815301076,1909f56bfc062723c751e8b465ee728b)  -> (artifact id: '2ee47eae7999cbe0d017b173511303c2') in 0.015627 seconds 
  Import took 0.019099 seconds .

========================================================================
Received Import Request.
  Time since last request: 0.000256 seconds.
  path: Assets/Sunnyland/artwork/Environment/Tile pallet/tileset-sliced_67.asset
  artifactKey: Guid(b975e87e52338c4439ec1a734eb39ba3) Importer(815301076,1909f56bfc062723c751e8b465ee728b)
Start importing Assets/Sunnyland/artwork/Environment/Tile pallet/tileset-sliced_67.asset using Guid(b975e87e52338c4439ec1a734eb39ba3) Importer(815301076,1909f56bfc062723c751e8b465ee728b)  -> (artifact id: 'a4ba1e7e97d22fb6783ee8ea0ea072f1') in 0.014462 seconds 
  Import took 0.018531 seconds .

========================================================================
Received Import Request.
  Time since last request: 0.000312 seconds.
  path: Assets/Sunnyland/artwork/Environment/Tile pallet/tileset-sliced_57.asset
  artifactKey: Guid(3a221d8d5cd2692489a61ed871851cab) Importer(815301076,1909f56bfc062723c751e8b465ee728b)
Start importing Assets/Sunnyland/artwork/Environment/Tile pallet/tileset-sliced_57.asset using Guid(3a221d8d5cd2692489a61ed871851cab) Importer(815301076,1909f56bfc062723c751e8b465ee728b)  -> (artifact id: 'f9046051fc4c0ee7df697aec728d2f9f') in 0.014314 seconds 
  Import took 0.021230 seconds .

========================================================================
Received Import Request.
  Time since last request: 0.000268 seconds.
  path: Assets/Sunnyland/artwork/Environment/Tile pallet/tileset-sliced_65.asset
  artifactKey: Guid(a0f6e56a6caa6d04683a5762182852f4) Importer(815301076,1909f56bfc062723c751e8b465ee728b)
Start importing Assets/Sunnyland/artwork/Environment/Tile pallet/tileset-sliced_65.asset using Guid(a0f6e56a6caa6d04683a5762182852f4) Importer(815301076,1909f56bfc062723c751e8b465ee728b)  -> (artifact id: '4dfbd26c1b2ca345fcab3b4292bfbe72') in 0.012498 seconds 
  Import took 0.016662 seconds .

========================================================================
Received Import Request.
  Time since last request: 0.000319 seconds.
  path: Assets/Sunnyland/artwork/Environment/Tile pallet/tileset-sliced_70.asset
  artifactKey: Guid(00f5d6578ab47ec4081a423e90331b8c) Importer(815301076,1909f56bfc062723c751e8b465ee728b)
Start importing Assets/Sunnyland/artwork/Environment/Tile pallet/tileset-sliced_70.asset using Guid(00f5d6578ab47ec4081a423e90331b8c) Importer(815301076,1909f56bfc062723c751e8b465ee728b)  -> (artifact id: '915fab0d2f67dbd1053a6cfd4f3edc6b') in 0.016581 seconds 
  Import took 0.020083 seconds .

========================================================================
Received Import Request.
  Time since last request: 0.000291 seconds.
  path: Assets/Sunnyland/artwork/Environment/Tile pallet/tileset-sliced_69.asset
  artifactKey: Guid(c6730125c4425c945a0f0ecd3e67447e) Importer(815301076,1909f56bfc062723c751e8b465ee728b)
Start importing Assets/Sunnyland/artwork/Environment/Tile pallet/tileset-sliced_69.asset using Guid(c6730125c4425c945a0f0ecd3e67447e) Importer(815301076,1909f56bfc062723c751e8b465ee728b)  -> (artifact id: 'fbcd9216a28e7288062597d729f30a11') in 0.014321 seconds 
  Import took 0.017823 seconds .

========================================================================
Received Import Request.
  Time since last request: 0.000310 seconds.
  path: Assets/Sunnyland/artwork/Environment/Tile pallet/tileset-sliced_3.asset
  artifactKey: Guid(c65cad652a80ce142a472ed8d9924213) Importer(815301076,1909f56bfc062723c751e8b465ee728b)
Start importing Assets/Sunnyland/artwork/Environment/Tile pallet/tileset-sliced_3.asset using Guid(c65cad652a80ce142a472ed8d9924213) Importer(815301076,1909f56bfc062723c751e8b465ee728b)  -> (artifact id: 'f04b1c1c494c5369f1f8708d18281c8e') in 0.019309 seconds 
  Import took 0.024836 seconds .

========================================================================
Received Import Request.
  Time since last request: 0.000258 seconds.
  path: Assets/Sunnyland/artwork/Environment/Tile pallet/tileset-sliced_41.asset
  artifactKey: Guid(b74209d0b9de787459c1d64cc787c9d3) Importer(815301076,1909f56bfc062723c751e8b465ee728b)
Start importing Assets/Sunnyland/artwork/Environment/Tile pallet/tileset-sliced_41.asset using Guid(b74209d0b9de787459c1d64cc787c9d3) Importer(815301076,1909f56bfc062723c751e8b465ee728b)  -> (artifact id: 'b8d0667926383f33f4ba26ae70f4ac29') in 0.015667 seconds 
  Import took 0.019466 seconds .

========================================================================
Received Import Request.
  Time since last request: 0.000271 seconds.
  path: Assets/Sunnyland/artwork/Environment/Tile pallet/tileset-sliced_43.asset
  artifactKey: Guid(b0c920fe005f8ec41a3320fccb4825d7) Importer(815301076,1909f56bfc062723c751e8b465ee728b)
Start importing Assets/Sunnyland/artwork/Environment/Tile pallet/tileset-sliced_43.asset using Guid(b0c920fe005f8ec41a3320fccb4825d7) Importer(815301076,1909f56bfc062723c751e8b465ee728b)  -> (artifact id: 'b4baa134e71c267f4ea9e8f9e7510795') in 0.014919 seconds 
  Import took 0.019750 seconds .

========================================================================
Received Import Request.
  Time since last request: 0.000210 seconds.
  path: Assets/Sunnyland/artwork/Environment/Tile pallet/tileset-sliced_49.asset
  artifactKey: Guid(6961091912d6f4144becca17376ffe2c) Importer(815301076,1909f56bfc062723c751e8b465ee728b)
Start importing Assets/Sunnyland/artwork/Environment/Tile pallet/tileset-sliced_49.asset using Guid(6961091912d6f4144becca17376ffe2c) Importer(815301076,1909f56bfc062723c751e8b465ee728b)  -> (artifact id: '573f3a30839c0debfec1f1618fcc1e7d') in 0.015728 seconds 
  Import took 0.020069 seconds .

========================================================================
Received Import Request.
  Time since last request: 0.000538 seconds.
  path: Assets/Sunnyland/artwork/Environment/Tile pallet/tileset-sliced_23.asset
  artifactKey: Guid(b69f905e478e2ab40a4927b27d75f3c4) Importer(815301076,1909f56bfc062723c751e8b465ee728b)
Start importing Assets/Sunnyland/artwork/Environment/Tile pallet/tileset-sliced_23.asset using Guid(b69f905e478e2ab40a4927b27d75f3c4) Importer(815301076,1909f56bfc062723c751e8b465ee728b)  -> (artifact id: '51639e6717cfd67b04c5cf23173a4656') in 0.014301 seconds 
  Import took 0.018900 seconds .

========================================================================
Received Import Request.
  Time since last request: 0.000322 seconds.
  path: Assets/Sunnyland/artwork/Environment/Tile pallet/tileset-sliced_44.asset
  artifactKey: Guid(7c19fda28245506468d9e77f11f5d5a0) Importer(815301076,1909f56bfc062723c751e8b465ee728b)
Start importing Assets/Sunnyland/artwork/Environment/Tile pallet/tileset-sliced_44.asset using Guid(7c19fda28245506468d9e77f11f5d5a0) Importer(815301076,1909f56bfc062723c751e8b465ee728b)  -> (artifact id: '54f6e9a4f0d96d37ee997066d6eab902') in 0.015406 seconds 
  Import took 0.022314 seconds .

========================================================================
Received Import Request.
  Time since last request: 0.000298 seconds.
  path: Assets/Sunnyland/artwork/Environment/Tile pallet/tileset-sliced_13.asset
  artifactKey: Guid(a826dfa11df366c4eaec18e1d6cc8f19) Importer(815301076,1909f56bfc062723c751e8b465ee728b)
Start importing Assets/Sunnyland/artwork/Environment/Tile pallet/tileset-sliced_13.asset using Guid(a826dfa11df366c4eaec18e1d6cc8f19) Importer(815301076,1909f56bfc062723c751e8b465ee728b)  -> (artifact id: '15d76b4999b8b6dd9dadfbca228a00fe') in 0.013763 seconds 
  Import took 0.017789 seconds .

========================================================================
Received Import Request.
  Time since last request: 0.000246 seconds.
  path: Assets/Sunnyland/artwork/Environment/Tile pallet/tileset-sliced_22.asset
  artifactKey: Guid(56df0cec40a1df14ba94753e76ac0b87) Importer(815301076,1909f56bfc062723c751e8b465ee728b)
Start importing Assets/Sunnyland/artwork/Environment/Tile pallet/tileset-sliced_22.asset using Guid(56df0cec40a1df14ba94753e76ac0b87) Importer(815301076,1909f56bfc062723c751e8b465ee728b)  -> (artifact id: '4dc4427cbc80ca13a219503b411d61fc') in 0.016282 seconds 
  Import took 0.019942 seconds .

========================================================================
Received Import Request.
  Time since last request: 0.000287 seconds.
  path: Assets/Sunnyland/artwork/Environment/Tile pallet/tileset-sliced_12.asset
  artifactKey: Guid(493c3eca4efe96843b29bb5d158226e8) Importer(815301076,1909f56bfc062723c751e8b465ee728b)
Start importing Assets/Sunnyland/artwork/Environment/Tile pallet/tileset-sliced_12.asset using Guid(493c3eca4efe96843b29bb5d158226e8) Importer(815301076,1909f56bfc062723c751e8b465ee728b)  -> (artifact id: 'ebad4d630deed6b6452b47527912dce8') in 0.014906 seconds 
  Import took 0.018901 seconds .

========================================================================
Received Import Request.
  Time since last request: 0.000406 seconds.
  path: Assets/Sunnyland/artwork/Environment/Tile pallet/tileset-sliced_21.asset
  artifactKey: Guid(321e45ee192fb42429607641c18f0a88) Importer(815301076,1909f56bfc062723c751e8b465ee728b)
Start importing Assets/Sunnyland/artwork/Environment/Tile pallet/tileset-sliced_21.asset using Guid(321e45ee192fb42429607641c18f0a88) Importer(815301076,1909f56bfc062723c751e8b465ee728b)  -> (artifact id: '8d9260ea00a6ea807b2c405804ef9810') in 0.017351 seconds 
  Import took 0.022590 seconds .

========================================================================
Received Import Request.
  Time since last request: 0.000189 seconds.
  path: Assets/Sunnyland/artwork/Environment/Tile pallet/tileset-sliced_54.asset
  artifactKey: Guid(ab432cceb8e92494e830a981c9a13cfb) Importer(815301076,1909f56bfc062723c751e8b465ee728b)
Start importing Assets/Sunnyland/artwork/Environment/Tile pallet/tileset-sliced_54.asset using Guid(ab432cceb8e92494e830a981c9a13cfb) Importer(815301076,1909f56bfc062723c751e8b465ee728b)  -> (artifact id: '6067cb735be901e62980cfc1fc38a7b4') in 0.012855 seconds 
  Import took 0.017523 seconds .

========================================================================
Received Import Request.
  Time since last request: 0.000483 seconds.
  path: Assets/Sunnyland/artwork/Environment/Tile pallet/tileset-sliced_2.asset
  artifactKey: Guid(fa8955493f6f5a74b8d022f887b2ac44) Importer(815301076,1909f56bfc062723c751e8b465ee728b)
Start importing Assets/Sunnyland/artwork/Environment/Tile pallet/tileset-sliced_2.asset using Guid(fa8955493f6f5a74b8d022f887b2ac44) Importer(815301076,1909f56bfc062723c751e8b465ee728b)  -> (artifact id: '5c164b9a0afe28316cd302c7f974ca49') in 0.016810 seconds 
  Import took 0.020257 seconds .

========================================================================
Received Import Request.
  Time since last request: 0.000235 seconds.
  path: Assets/Sunnyland/artwork/Environment/Tile pallet/tileset-sliced_45.asset
  artifactKey: Guid(9fcb370ac4a52ec4db899af400bd6c25) Importer(815301076,1909f56bfc062723c751e8b465ee728b)
Start importing Assets/Sunnyland/artwork/Environment/Tile pallet/tileset-sliced_45.asset using Guid(9fcb370ac4a52ec4db899af400bd6c25) Importer(815301076,1909f56bfc062723c751e8b465ee728b)  -> (artifact id: '4d85d5e3e33ef0158d8182b0e4fa4e98') in 0.011885 seconds 
  Import took 0.015693 seconds .

========================================================================
Received Import Request.
  Time since last request: 0.000254 seconds.
  path: Assets/Sunnyland/artwork/Environment/Tile pallet/tileset-sliced_24.asset
  artifactKey: Guid(f31d82e1cc9886340ae65dae86285861) Importer(815301076,1909f56bfc062723c751e8b465ee728b)
Start importing Assets/Sunnyland/artwork/Environment/Tile pallet/tileset-sliced_24.asset using Guid(f31d82e1cc9886340ae65dae86285861) Importer(815301076,1909f56bfc062723c751e8b465ee728b)  -> (artifact id: '147a59f79f4e0397640bf634b6ec2455') in 0.019444 seconds 
  Import took 0.023596 seconds .

========================================================================
Received Import Request.
  Time since last request: 0.000211 seconds.
  path: Assets/Sunnyland/artwork/Environment/Tile pallet/tileset-sliced_11.asset
  artifactKey: Guid(56a54a0cd598da844bf3c3ed04561e89) Importer(815301076,1909f56bfc062723c751e8b465ee728b)
Start importing Assets/Sunnyland/artwork/Environment/Tile pallet/tileset-sliced_11.asset using Guid(56a54a0cd598da844bf3c3ed04561e89) Importer(815301076,1909f56bfc062723c751e8b465ee728b)  -> (artifact id: 'f7d49d0b38440ece92f91607a0d9eb3e') in 0.015239 seconds 
  Import took 0.021645 seconds .

========================================================================
Received Import Request.
  Time since last request: 0.000262 seconds.
  path: Assets/Sunnyland/artwork/Environment/Tile pallet/tileset-sliced_64.asset
  artifactKey: Guid(34a627d989553cc48b73b92cdeed8c51) Importer(815301076,1909f56bfc062723c751e8b465ee728b)
Start importing Assets/Sunnyland/artwork/Environment/Tile pallet/tileset-sliced_64.asset using Guid(34a627d989553cc48b73b92cdeed8c51) Importer(815301076,1909f56bfc062723c751e8b465ee728b)  -> (artifact id: 'e626f3017c2c765e3fba7230fcbfd875') in 0.013852 seconds 
  Import took 0.017620 seconds .

========================================================================
Received Import Request.
  Time since last request: 0.000455 seconds.
  path: Assets/Sunnyland/artwork/Environment/Tile pallet/tileset-sliced_7.asset
  artifactKey: Guid(b4bc2da294135b442bc7b40067d0d698) Importer(815301076,1909f56bfc062723c751e8b465ee728b)
Start importing Assets/Sunnyland/artwork/Environment/Tile pallet/tileset-sliced_7.asset using Guid(b4bc2da294135b442bc7b40067d0d698) Importer(815301076,1909f56bfc062723c751e8b465ee728b)  -> (artifact id: '767b29967926c0cfacf290b66b3f997b') in 0.015943 seconds 
  Import took 0.019762 seconds .

========================================================================
Received Import Request.
  Time since last request: 0.011919 seconds.
  path: Assets/Sunnyland/artwork/Environment/Tile pallet/tileset-sliced_64.asset
  artifactKey: Guid(34a627d989553cc48b73b92cdeed8c51) Importer(815301076,1909f56bfc062723c751e8b465ee728b)
Start importing Assets/Sunnyland/artwork/Environment/Tile pallet/tileset-sliced_64.asset using Guid(34a627d989553cc48b73b92cdeed8c51) Importer(815301076,1909f56bfc062723c751e8b465ee728b)  -> (artifact id: 'e626f3017c2c765e3fba7230fcbfd875') in 0.007549 seconds 
  Import took 0.011502 seconds .

========================================================================
Received Import Request.
  Time since last request: 103.366605 seconds.
  path: Assets/Sunnyland/artwork/Environment/Tile pallet/tileset-sliced_79.asset
  artifactKey: Guid(7a5d355a2bec9a34fb34417d5bb0d142) Importer(815301076,1909f56bfc062723c751e8b465ee728b)
Start importing Assets/Sunnyland/artwork/Environment/Tile pallet/tileset-sliced_79.asset using Guid(7a5d355a2bec9a34fb34417d5bb0d142) Importer(815301076,1909f56bfc062723c751e8b465ee728b)  -> (artifact id: '9f2a5f3348b791e9c4a503caaa943fcd') in 0.011155 seconds 
  Import took 0.014555 seconds .

========================================================================
Received Import Request.
  Time since last request: 0.000272 seconds.
  path: Assets/Sunnyland/artwork/Environment/Tile pallet/tileset-sliced_85.asset
  artifactKey: Guid(62e50b9cc8144f446992fa97432cc242) Importer(815301076,1909f56bfc062723c751e8b465ee728b)
Start importing Assets/Sunnyland/artwork/Environment/Tile pallet/tileset-sliced_85.asset using Guid(62e50b9cc8144f446992fa97432cc242) Importer(815301076,1909f56bfc062723c751e8b465ee728b)  -> (artifact id: '5495b476bf0a46e86cbcf8008ede0a18') in 0.013150 seconds 
  Import took 0.018141 seconds .

========================================================================
Received Import Request.
  Time since last request: 0.000257 seconds.
  path: Assets/Sunnyland/artwork/Environment/Tile pallet/tileset-sliced_86.asset
  artifactKey: Guid(7133d0a6a6d446b40b56f6baf558d751) Importer(815301076,1909f56bfc062723c751e8b465ee728b)
Start importing Assets/Sunnyland/artwork/Environment/Tile pallet/tileset-sliced_86.asset using Guid(7133d0a6a6d446b40b56f6baf558d751) Importer(815301076,1909f56bfc062723c751e8b465ee728b)  -> (artifact id: 'bedef66449e4b3be69580a336d369988') in 0.013594 seconds 
  Import took 0.017256 seconds .

========================================================================
Received Import Request.
  Time since last request: 0.000246 seconds.
  path: Assets/Sunnyland/artwork/Environment/Tile pallet/tileset-sliced_80.asset
  artifactKey: Guid(808b6ae6fb1e04248987c756eb1e9432) Importer(815301076,1909f56bfc062723c751e8b465ee728b)
Start importing Assets/Sunnyland/artwork/Environment/Tile pallet/tileset-sliced_80.asset using Guid(808b6ae6fb1e04248987c756eb1e9432) Importer(815301076,1909f56bfc062723c751e8b465ee728b)  -> (artifact id: 'f1d80b173234663c7e0d0619f8da9d51') in 0.017551 seconds 
  Import took 0.022618 seconds .

========================================================================
Received Import Request.
  Time since last request: 0.000530 seconds.
  path: Assets/Sunnyland/artwork/Environment/Tile pallet/tileset-sliced_90.asset
  artifactKey: Guid(b8c766d01520d41478ec47cb4afdd551) Importer(815301076,1909f56bfc062723c751e8b465ee728b)
Start importing Assets/Sunnyland/artwork/Environment/Tile pallet/tileset-sliced_90.asset using Guid(b8c766d01520d41478ec47cb4afdd551) Importer(815301076,1909f56bfc062723c751e8b465ee728b)  -> (artifact id: 'ce6fe3893e77edf05b5bfe2922559faf') in 0.012309 seconds 
  Import took 0.016782 seconds .

========================================================================
Received Import Request.
  Time since last request: 0.000426 seconds.
  path: Assets/Sunnyland/artwork/Environment/Tile pallet/tileset-sliced_88.asset
  artifactKey: Guid(b7f184abec3470c4491c85d9f1b08a9f) Importer(815301076,1909f56bfc062723c751e8b465ee728b)
Start importing Assets/Sunnyland/artwork/Environment/Tile pallet/tileset-sliced_88.asset using Guid(b7f184abec3470c4491c85d9f1b08a9f) Importer(815301076,1909f56bfc062723c751e8b465ee728b)  -> (artifact id: '82bcbd529259b2c43da64065d6eeeee2') in 0.017162 seconds 
  Import took 0.020839 seconds .

========================================================================
Received Import Request.
  Time since last request: 0.000216 seconds.
  path: Assets/Sunnyland/artwork/Environment/Tile pallet/tileset-sliced_83.asset
  artifactKey: Guid(e1cca21f805bbb545bf1c56c9c53ed84) Importer(815301076,1909f56bfc062723c751e8b465ee728b)
Start importing Assets/Sunnyland/artwork/Environment/Tile pallet/tileset-sliced_83.asset using Guid(e1cca21f805bbb545bf1c56c9c53ed84) Importer(815301076,1909f56bfc062723c751e8b465ee728b)  -> (artifact id: '008f3dddca46fb277e3137bf55603989') in 0.015732 seconds 
  Import took 0.019621 seconds .

========================================================================
Received Import Request.
  Time since last request: 0.000334 seconds.
  path: Assets/Sunnyland/artwork/Environment/Tile pallet/tileset-sliced_84.asset
  artifactKey: Guid(fa75c4876b4689e49be68f28ec095b64) Importer(815301076,1909f56bfc062723c751e8b465ee728b)
Start importing Assets/Sunnyland/artwork/Environment/Tile pallet/tileset-sliced_84.asset using Guid(fa75c4876b4689e49be68f28ec095b64) Importer(815301076,1909f56bfc062723c751e8b465ee728b)  -> (artifact id: 'b0b8a0774b4225ae77a7b705825b40d7') in 0.013671 seconds 
  Import took 0.017498 seconds .

========================================================================
Received Import Request.
  Time since last request: 0.000243 seconds.
  path: Assets/Sunnyland/artwork/Environment/Tile pallet/tileset-sliced_92.asset
  artifactKey: Guid(cf25d7cc815b19b469d49eb704d41f22) Importer(815301076,1909f56bfc062723c751e8b465ee728b)
Start importing Assets/Sunnyland/artwork/Environment/Tile pallet/tileset-sliced_92.asset using Guid(cf25d7cc815b19b469d49eb704d41f22) Importer(815301076,1909f56bfc062723c751e8b465ee728b)  -> (artifact id: '940a4f0d2e90fb191189fa6b52f2793e') in 0.013621 seconds 
  Import took 0.017973 seconds .

========================================================================
Received Import Request.
  Time since last request: 0.000234 seconds.
  path: Assets/Sunnyland/artwork/Environment/Tile pallet/tileset-sliced_94.asset
  artifactKey: Guid(540841c5885ba364baabcfec0591129a) Importer(815301076,1909f56bfc062723c751e8b465ee728b)
Start importing Assets/Sunnyland/artwork/Environment/Tile pallet/tileset-sliced_94.asset using Guid(540841c5885ba364baabcfec0591129a) Importer(815301076,1909f56bfc062723c751e8b465ee728b)  -> (artifact id: 'ce5beaa0f6be6182a9abea18fe34c81a') in 0.015085 seconds 
  Import took 0.020769 seconds .

========================================================================
Received Import Request.
  Time since last request: 0.000337 seconds.
  path: Assets/Sunnyland/artwork/Environment/Tile pallet/tileset-sliced_89.asset
  artifactKey: Guid(b29267818280428458d4099411cd23a7) Importer(815301076,1909f56bfc062723c751e8b465ee728b)
Start importing Assets/Sunnyland/artwork/Environment/Tile pallet/tileset-sliced_89.asset using Guid(b29267818280428458d4099411cd23a7) Importer(815301076,1909f56bfc062723c751e8b465ee728b)  -> (artifact id: 'e017490e1cf468eb9fd87e2dd38a978e') in 0.013917 seconds 
  Import took 0.019048 seconds .

========================================================================
Received Import Request.
  Time since last request: 0.000301 seconds.
  path: Assets/Sunnyland/artwork/Environment/Tile pallet/tileset-sliced_81.asset
  artifactKey: Guid(de9fee15dbb9e8047bad32928a72a5aa) Importer(815301076,1909f56bfc062723c751e8b465ee728b)
Start importing Assets/Sunnyland/artwork/Environment/Tile pallet/tileset-sliced_81.asset using Guid(de9fee15dbb9e8047bad32928a72a5aa) Importer(815301076,1909f56bfc062723c751e8b465ee728b)  -> (artifact id: '3edafe211a12ecb5cf9a9b03b47063ef') in 0.013830 seconds 
  Import took 0.017222 seconds .

========================================================================
Received Import Request.
  Time since last request: 0.000311 seconds.
  path: Assets/Sunnyland/artwork/Environment/Tile pallet/tileset-sliced_82.asset
  artifactKey: Guid(0156f2ee136caf64587d29b6e2213ee2) Importer(815301076,1909f56bfc062723c751e8b465ee728b)
Start importing Assets/Sunnyland/artwork/Environment/Tile pallet/tileset-sliced_82.asset using Guid(0156f2ee136caf64587d29b6e2213ee2) Importer(815301076,1909f56bfc062723c751e8b465ee728b)  -> (artifact id: '7617bf44694f3e880fca4f2a370af4b3') in 0.014955 seconds 
  Import took 0.018736 seconds .

========================================================================
Received Import Request.
  Time since last request: 0.000263 seconds.
  path: Assets/Sunnyland/artwork/Environment/Tile pallet/tileset-sliced_93.asset
  artifactKey: Guid(04d52bdaa031567478a4a83f6251fd7f) Importer(815301076,1909f56bfc062723c751e8b465ee728b)
Start importing Assets/Sunnyland/artwork/Environment/Tile pallet/tileset-sliced_93.asset using Guid(04d52bdaa031567478a4a83f6251fd7f) Importer(815301076,1909f56bfc062723c751e8b465ee728b)  -> (artifact id: '2acd56d13ff1ce4191840f954c54d59c') in 0.014152 seconds 
  Import took 0.018183 seconds .

========================================================================
Received Import Request.
  Time since last request: 0.000197 seconds.
  path: Assets/Sunnyland/artwork/Environment/Tile pallet/tileset-sliced_82.asset
  artifactKey: Guid(0156f2ee136caf64587d29b6e2213ee2) Importer(815301076,1909f56bfc062723c751e8b465ee728b)
Start importing Assets/Sunnyland/artwork/Environment/Tile pallet/tileset-sliced_82.asset using Guid(0156f2ee136caf64587d29b6e2213ee2) Importer(815301076,1909f56bfc062723c751e8b465ee728b)  -> (artifact id: '7617bf44694f3e880fca4f2a370af4b3') in 0.009198 seconds 
  Import took 0.013246 seconds .

========================================================================
Received Import Request.
  Time since last request: 0.000229 seconds.
  path: Assets/Sunnyland/artwork/Environment/Tile pallet/tileset-sliced_87.asset
  artifactKey: Guid(b153f78a78c3aae4da876beb8d5be967) Importer(815301076,1909f56bfc062723c751e8b465ee728b)
Start importing Assets/Sunnyland/artwork/Environment/Tile pallet/tileset-sliced_87.asset using Guid(b153f78a78c3aae4da876beb8d5be967) Importer(815301076,1909f56bfc062723c751e8b465ee728b)  -> (artifact id: 'fe2ae6206b2167c534b9592ef9d9ea64') in 0.013267 seconds 
  Import took 0.017069 seconds .

========================================================================
Received Import Request.
  Time since last request: 0.000411 seconds.
  path: Assets/Sunnyland/artwork/Environment/Tile pallet/tileset-sliced_91.asset
  artifactKey: Guid(8b5e1de709888e24793691d560e81c57) Importer(815301076,1909f56bfc062723c751e8b465ee728b)
Start importing Assets/Sunnyland/artwork/Environment/Tile pallet/tileset-sliced_91.asset using Guid(8b5e1de709888e24793691d560e81c57) Importer(815301076,1909f56bfc062723c751e8b465ee728b)  -> (artifact id: '3491fe30c19753a2c195c1201334377a') in 0.016224 seconds 
  Import took 0.020176 seconds .

========================================================================
Received Import Request.
  Time since last request: 0.003385 seconds.
  path: Assets/Sunnyland/artwork/Environment/Tile pallet/tileset-sliced_91.asset
  artifactKey: Guid(8b5e1de709888e24793691d560e81c57) Importer(815301076,1909f56bfc062723c751e8b465ee728b)
Start importing Assets/Sunnyland/artwork/Environment/Tile pallet/tileset-sliced_91.asset using Guid(8b5e1de709888e24793691d560e81c57) Importer(815301076,1909f56bfc062723c751e8b465ee728b)  -> (artifact id: '3491fe30c19753a2c195c1201334377a') in 0.007949 seconds 
  Import took 0.012629 seconds .

========================================================================
Received Prepare
Registering precompiled user dll's ...
Registered in 0.003977 seconds.
Begin MonoManager ReloadAssembly
Native extension for WindowsStandalone target not found
Refreshing native plugins compatible for Editor in 0.46 ms, found 3 plugins.
Preloading 0 native plugins for Editor in 0.00 ms.
Mono: successfully reloaded assembly
- Completed reload, in  1.019 seconds
Domain Reload Profiling:
	ReloadAssembly (1020ms)
		BeginReloadAssembly (149ms)
			ExecutionOrderSort (0ms)
			DisableScriptedObjects (7ms)
			BackupInstance (0ms)
			ReleaseScriptingObjects (0ms)
			CreateAndSetChildDomain (49ms)
		EndReloadAssembly (802ms)
			LoadAssemblies (97ms)
			RebuildTransferFunctionScriptingTraits (0ms)
			SetupTypeCache (260ms)
			ReleaseScriptCaches (1ms)
			RebuildScriptCaches (40ms)
			SetupLoadedEditorAssemblies (320ms)
				LogAssemblyErrors (0ms)
				InitializePlatformSupportModulesInManaged (4ms)
				SetLoadedEditorAssemblies (0ms)
				RefreshPlugins (1ms)
				BeforeProcessingInitializeOnLoad (55ms)
				ProcessInitializeOnLoadAttributes (249ms)
				ProcessInitializeOnLoadMethodAttributes (5ms)
				AfterProcessingInitializeOnLoad (6ms)
				EditorAssembliesLoaded (0ms)
			ExecutionOrderSort2 (0ms)
			AwakeInstancesAfterBackupRestoration (9ms)
Platform modules already initialized, skipping
Refreshing native plugins compatible for Editor in 0.49 ms, found 3 plugins.
Preloading 0 native plugins for Editor in 0.00 ms.
Unloading 2082 Unused Serialized files (Serialized files now loaded: 0)
System memory in use before: 96.4 MB.
System memory in use after: 96.5 MB.

Unloading 16 unused Assets to reduce memory usage. Loaded Objects now: 2543.
Total: 2.981600 ms (FindLiveObjects: 0.198500 ms CreateObjectMapping: 0.062200 ms MarkObjects: 2.705100 ms  DeleteObjects: 0.015200 ms)

AssetImportParameters requested are different than current active one (requested -> active):
  custom:framework-win-MediaFoundation: 216162199b28c13a410421893ffa2e32 -> 
  custom:video-decoder-ogg-theora: a1e56fd34408186e4bbccfd4996cb3dc -> 
  custom:container-muxer-webm: aa71ff27fc2769a1b78a27578f13a17b -> 
  custom:container-demuxer-webm: 4f35f7cbe854078d1ac9338744f61a02 -> 
  custom:container-demuxer-ogg: 62fdf1f143b41e24485cea50d1cbac27 -> 
  custom:video-encoder-webm-vp8: eb34c28f22e8b96e1ab97ce403110664 -> 
  custom:video-decoder-webm-vp8: 9c59270c3fd7afecdb556c50c9e8de78 -> 
  custom:audio-decoder-ogg-vorbis: bf7c407c2cedff20999df2af8eb42d56 -> 
  custom:audio-encoder-webm-vorbis: bf7c407c2cedff20999df2af8eb42d56 -> 
========================================================================
Received Prepare
Registering precompiled user dll's ...
Registered in 0.006420 seconds.
Begin MonoManager ReloadAssembly
Native extension for WindowsStandalone target not found
Refreshing native plugins compatible for Editor in 0.45 ms, found 3 plugins.
Preloading 0 native plugins for Editor in 0.00 ms.
Mono: successfully reloaded assembly
- Completed reload, in  1.210 seconds
Domain Reload Profiling:
	ReloadAssembly (1210ms)
		BeginReloadAssembly (201ms)
			ExecutionOrderSort (0ms)
			DisableScriptedObjects (12ms)
			BackupInstance (0ms)
			ReleaseScriptingObjects (0ms)
			CreateAndSetChildDomain (57ms)
		EndReloadAssembly (928ms)
			LoadAssemblies (142ms)
			RebuildTransferFunctionScriptingTraits (0ms)
			SetupTypeCache (302ms)
			ReleaseScriptCaches (1ms)
			RebuildScriptCaches (49ms)
			SetupLoadedEditorAssemblies (361ms)
				LogAssemblyErrors (0ms)
				InitializePlatformSupportModulesInManaged (6ms)
				SetLoadedEditorAssemblies (0ms)
				RefreshPlugins (0ms)
				BeforeProcessingInitializeOnLoad (61ms)
				ProcessInitializeOnLoadAttributes (282ms)
				ProcessInitializeOnLoadMethodAttributes (6ms)
				AfterProcessingInitializeOnLoad (6ms)
				EditorAssembliesLoaded (0ms)
			ExecutionOrderSort2 (0ms)
			AwakeInstancesAfterBackupRestoration (11ms)
Platform modules already initialized, skipping
Refreshing native plugins compatible for Editor in 0.52 ms, found 3 plugins.
Preloading 0 native plugins for Editor in 0.00 ms.
Unloading 2082 Unused Serialized files (Serialized files now loaded: 0)
System memory in use before: 96.4 MB.
System memory in use after: 96.5 MB.

Unloading 16 unused Assets to reduce memory usage. Loaded Objects now: 2546.
Total: 3.054400 ms (FindLiveObjects: 0.237200 ms CreateObjectMapping: 0.080800 ms MarkObjects: 2.719100 ms  DeleteObjects: 0.016400 ms)

AssetImportParameters requested are different than current active one (requested -> active):
  custom:framework-win-MediaFoundation: 216162199b28c13a410421893ffa2e32 -> 
  custom:video-decoder-ogg-theora: a1e56fd34408186e4bbccfd4996cb3dc -> 
  custom:container-muxer-webm: aa71ff27fc2769a1b78a27578f13a17b -> 
  custom:container-demuxer-webm: 4f35f7cbe854078d1ac9338744f61a02 -> 
  custom:container-demuxer-ogg: 62fdf1f143b41e24485cea50d1cbac27 -> 
  custom:video-encoder-webm-vp8: eb34c28f22e8b96e1ab97ce403110664 -> 
  custom:video-decoder-webm-vp8: 9c59270c3fd7afecdb556c50c9e8de78 -> 
  custom:audio-decoder-ogg-vorbis: bf7c407c2cedff20999df2af8eb42d56 -> 
  custom:audio-encoder-webm-vorbis: bf7c407c2cedff20999df2af8eb42d56 -> 
========================================================================
Received Import Request.
  Time since last request: 2982.356040 seconds.
  path: Assets/Sunnyland/artwork/Environment/props/tree.asset
  artifactKey: Guid(5d0c2569cfedb4d4dbf1bee8dcae0b79) Importer(815301076,1909f56bfc062723c751e8b465ee728b)
Start importing Assets/Sunnyland/artwork/Environment/props/tree.asset using Guid(5d0c2569cfedb4d4dbf1bee8dcae0b79) Importer(815301076,1909f56bfc062723c751e8b465ee728b)  -> (artifact id: '7fd71c6e3548ba59603b04284d0f6f88') in 0.062972 seconds 
  Import took 0.067737 seconds .

========================================================================
Received Prepare
Registering precompiled user dll's ...
Registered in 0.004858 seconds.
Begin MonoManager ReloadAssembly
Native extension for WindowsStandalone target not found
Refreshing native plugins compatible for Editor in 0.67 ms, found 3 plugins.
Preloading 0 native plugins for Editor in 0.00 ms.
Mono: successfully reloaded assembly
- Completed reload, in  1.072 seconds
Domain Reload Profiling:
	ReloadAssembly (1072ms)
		BeginReloadAssembly (113ms)
			ExecutionOrderSort (0ms)
			DisableScriptedObjects (7ms)
			BackupInstance (0ms)
			ReleaseScriptingObjects (0ms)
			CreateAndSetChildDomain (34ms)
		EndReloadAssembly (883ms)
			LoadAssemblies (101ms)
			RebuildTransferFunctionScriptingTraits (0ms)
			SetupTypeCache (283ms)
			ReleaseScriptCaches (1ms)
			RebuildScriptCaches (43ms)
			SetupLoadedEditorAssemblies (354ms)
				LogAssemblyErrors (0ms)
				InitializePlatformSupportModulesInManaged (6ms)
				SetLoadedEditorAssemblies (1ms)
				RefreshPlugins (1ms)
				BeforeProcessingInitializeOnLoad (61ms)
				ProcessInitializeOnLoadAttributes (274ms)
				ProcessInitializeOnLoadMethodAttributes (6ms)
				AfterProcessingInitializeOnLoad (6ms)
				EditorAssembliesLoaded (0ms)
			ExecutionOrderSort2 (0ms)
			AwakeInstancesAfterBackupRestoration (10ms)
Platform modules already initialized, skipping
Refreshing native plugins compatible for Editor in 0.48 ms, found 3 plugins.
Preloading 0 native plugins for Editor in 0.00 ms.
Unloading 2082 Unused Serialized files (Serialized files now loaded: 0)
System memory in use before: 96.5 MB.
System memory in use after: 96.6 MB.

Unloading 16 unused Assets to reduce memory usage. Loaded Objects now: 2551.
Total: 2.974500 ms (FindLiveObjects: 0.174900 ms CreateObjectMapping: 0.066600 ms MarkObjects: 2.698000 ms  DeleteObjects: 0.033900 ms)

AssetImportParameters requested are different than current active one (requested -> active):
  custom:framework-win-MediaFoundation: 216162199b28c13a410421893ffa2e32 -> 
  custom:video-decoder-ogg-theora: a1e56fd34408186e4bbccfd4996cb3dc -> 
  custom:container-muxer-webm: aa71ff27fc2769a1b78a27578f13a17b -> 
  custom:container-demuxer-webm: 4f35f7cbe854078d1ac9338744f61a02 -> 
  custom:container-demuxer-ogg: 62fdf1f143b41e24485cea50d1cbac27 -> 
  custom:video-encoder-webm-vp8: eb34c28f22e8b96e1ab97ce403110664 -> 
  custom:video-decoder-webm-vp8: 9c59270c3fd7afecdb556c50c9e8de78 -> 
  custom:audio-decoder-ogg-vorbis: bf7c407c2cedff20999df2af8eb42d56 -> 
  custom:audio-encoder-webm-vorbis: bf7c407c2cedff20999df2af8eb42d56 -> 
========================================================================
Received Prepare
Registering precompiled user dll's ...
Registered in 0.004692 seconds.
Begin MonoManager ReloadAssembly
Native extension for WindowsStandalone target not found
Refreshing native plugins compatible for Editor in 0.69 ms, found 3 plugins.
Preloading 0 native plugins for Editor in 0.00 ms.
Mono: successfully reloaded assembly
- Completed reload, in  1.136 seconds
Domain Reload Profiling:
	ReloadAssembly (1137ms)
		BeginReloadAssembly (125ms)
			ExecutionOrderSort (0ms)
			DisableScriptedObjects (6ms)
			BackupInstance (0ms)
			ReleaseScriptingObjects (0ms)
			CreateAndSetChildDomain (33ms)
		EndReloadAssembly (940ms)
			LoadAssemblies (104ms)
			RebuildTransferFunctionScriptingTraits (0ms)
			SetupTypeCache (312ms)
			ReleaseScriptCaches (1ms)
			RebuildScriptCaches (39ms)
			SetupLoadedEditorAssemblies (379ms)
				LogAssemblyErrors (0ms)
				InitializePlatformSupportModulesInManaged (9ms)
				SetLoadedEditorAssemblies (1ms)
				RefreshPlugins (1ms)
				BeforeProcessingInitializeOnLoad (67ms)
				ProcessInitializeOnLoadAttributes (288ms)
				ProcessInitializeOnLoadMethodAttributes (6ms)
				AfterProcessingInitializeOnLoad (7ms)
				EditorAssembliesLoaded (0ms)
			ExecutionOrderSort2 (0ms)
			AwakeInstancesAfterBackupRestoration (14ms)
Platform modules already initialized, skipping
Refreshing native plugins compatible for Editor in 0.48 ms, found 3 plugins.
Preloading 0 native plugins for Editor in 0.00 ms.
Unloading 2082 Unused Serialized files (Serialized files now loaded: 0)
System memory in use before: 96.5 MB.
System memory in use after: 96.6 MB.

Unloading 16 unused Assets to reduce memory usage. Loaded Objects now: 2554.
Total: 3.466300 ms (FindLiveObjects: 0.229400 ms CreateObjectMapping: 0.096500 ms MarkObjects: 3.122400 ms  DeleteObjects: 0.016500 ms)

AssetImportParameters requested are different than current active one (requested -> active):
  custom:framework-win-MediaFoundation: 216162199b28c13a410421893ffa2e32 -> 
  custom:video-decoder-ogg-theora: a1e56fd34408186e4bbccfd4996cb3dc -> 
  custom:container-muxer-webm: aa71ff27fc2769a1b78a27578f13a17b -> 
  custom:container-demuxer-webm: 4f35f7cbe854078d1ac9338744f61a02 -> 
  custom:container-demuxer-ogg: 62fdf1f143b41e24485cea50d1cbac27 -> 
  custom:video-encoder-webm-vp8: eb34c28f22e8b96e1ab97ce403110664 -> 
  custom:video-decoder-webm-vp8: 9c59270c3fd7afecdb556c50c9e8de78 -> 
  custom:audio-decoder-ogg-vorbis: bf7c407c2cedff20999df2af8eb42d56 -> 
  custom:audio-encoder-webm-vorbis: bf7c407c2cedff20999df2af8eb42d56 -> 
========================================================================
Received Prepare
Registering precompiled user dll's ...
Registered in 0.004685 seconds.
Begin MonoManager ReloadAssembly
Native extension for WindowsStandalone target not found
Refreshing native plugins compatible for Editor in 0.45 ms, found 3 plugins.
Preloading 0 native plugins for Editor in 0.00 ms.
Mono: successfully reloaded assembly
- Completed reload, in  1.075 seconds
Domain Reload Profiling:
	ReloadAssembly (1076ms)
		BeginReloadAssembly (119ms)
			ExecutionOrderSort (0ms)
			DisableScriptedObjects (10ms)
			BackupInstance (0ms)
			ReleaseScriptingObjects (0ms)
			CreateAndSetChildDomain (32ms)
		EndReloadAssembly (889ms)
			LoadAssemblies (96ms)
			RebuildTransferFunctionScriptingTraits (0ms)
			SetupTypeCache (284ms)
			ReleaseScriptCaches (1ms)
			RebuildScriptCaches (44ms)
			SetupLoadedEditorAssemblies (364ms)
				LogAssemblyErrors (0ms)
				InitializePlatformSupportModulesInManaged (4ms)
				SetLoadedEditorAssemblies (0ms)
				RefreshPlugins (0ms)
				BeforeProcessingInitializeOnLoad (64ms)
				ProcessInitializeOnLoadAttributes (284ms)
				ProcessInitializeOnLoadMethodAttributes (5ms)
				AfterProcessingInitializeOnLoad (6ms)
				EditorAssembliesLoaded (0ms)
			ExecutionOrderSort2 (0ms)
			AwakeInstancesAfterBackupRestoration (10ms)
Platform modules already initialized, skipping
Refreshing native plugins compatible for Editor in 0.95 ms, found 3 plugins.
Preloading 0 native plugins for Editor in 0.00 ms.
Unloading 2082 Unused Serialized files (Serialized files now loaded: 0)
System memory in use before: 96.5 MB.
System memory in use after: 96.6 MB.

Unloading 16 unused Assets to reduce memory usage. Loaded Objects now: 2557.
Total: 4.594100 ms (FindLiveObjects: 0.309000 ms CreateObjectMapping: 0.077000 ms MarkObjects: 4.145600 ms  DeleteObjects: 0.061400 ms)

AssetImportParameters requested are different than current active one (requested -> active):
  custom:framework-win-MediaFoundation: 216162199b28c13a410421893ffa2e32 -> 
  custom:video-decoder-ogg-theora: a1e56fd34408186e4bbccfd4996cb3dc -> 
  custom:container-muxer-webm: aa71ff27fc2769a1b78a27578f13a17b -> 
  custom:container-demuxer-webm: 4f35f7cbe854078d1ac9338744f61a02 -> 
  custom:container-demuxer-ogg: 62fdf1f143b41e24485cea50d1cbac27 -> 
  custom:video-encoder-webm-vp8: eb34c28f22e8b96e1ab97ce403110664 -> 
  custom:video-decoder-webm-vp8: 9c59270c3fd7afecdb556c50c9e8de78 -> 
  custom:audio-decoder-ogg-vorbis: bf7c407c2cedff20999df2af8eb42d56 -> 
  custom:audio-encoder-webm-vorbis: bf7c407c2cedff20999df2af8eb42d56 -> 
========================================================================
Received Prepare
Registering precompiled user dll's ...
Registered in 0.004231 seconds.
Begin MonoManager ReloadAssembly
Native extension for WindowsStandalone target not found
Refreshing native plugins compatible for Editor in 0.45 ms, found 3 plugins.
Preloading 0 native plugins for Editor in 0.00 ms.
Mono: successfully reloaded assembly
- Completed reload, in  1.019 seconds
Domain Reload Profiling:
	ReloadAssembly (1020ms)
		BeginReloadAssembly (120ms)
			ExecutionOrderSort (0ms)
			DisableScriptedObjects (6ms)
			BackupInstance (0ms)
			ReleaseScriptingObjects (0ms)
			CreateAndSetChildDomain (31ms)
		EndReloadAssembly (833ms)
			LoadAssemblies (97ms)
			RebuildTransferFunctionScriptingTraits (0ms)
			SetupTypeCache (275ms)
			ReleaseScriptCaches (1ms)
			RebuildScriptCaches (38ms)
			SetupLoadedEditorAssemblies (334ms)
				LogAssemblyErrors (0ms)
				InitializePlatformSupportModulesInManaged (4ms)
				SetLoadedEditorAssemblies (0ms)
				RefreshPlugins (0ms)
				BeforeProcessingInitializeOnLoad (58ms)
				ProcessInitializeOnLoadAttributes (259ms)
				ProcessInitializeOnLoadMethodAttributes (6ms)
				AfterProcessingInitializeOnLoad (6ms)
				EditorAssembliesLoaded (0ms)
			ExecutionOrderSort2 (0ms)
			AwakeInstancesAfterBackupRestoration (11ms)
Platform modules already initialized, skipping
Refreshing native plugins compatible for Editor in 0.56 ms, found 3 plugins.
Preloading 0 native plugins for Editor in 0.00 ms.
Unloading 2082 Unused Serialized files (Serialized files now loaded: 0)
System memory in use before: 96.5 MB.
System memory in use after: 96.6 MB.

Unloading 16 unused Assets to reduce memory usage. Loaded Objects now: 2560.
Total: 2.839600 ms (FindLiveObjects: 0.166000 ms CreateObjectMapping: 0.065700 ms MarkObjects: 2.590000 ms  DeleteObjects: 0.017000 ms)

AssetImportParameters requested are different than current active one (requested -> active):
  custom:framework-win-MediaFoundation: 216162199b28c13a410421893ffa2e32 -> 
  custom:video-decoder-ogg-theora: a1e56fd34408186e4bbccfd4996cb3dc -> 
  custom:container-muxer-webm: aa71ff27fc2769a1b78a27578f13a17b -> 
  custom:container-demuxer-webm: 4f35f7cbe854078d1ac9338744f61a02 -> 
  custom:container-demuxer-ogg: 62fdf1f143b41e24485cea50d1cbac27 -> 
  custom:video-encoder-webm-vp8: eb34c28f22e8b96e1ab97ce403110664 -> 
  custom:video-decoder-webm-vp8: 9c59270c3fd7afecdb556c50c9e8de78 -> 
  custom:audio-decoder-ogg-vorbis: bf7c407c2cedff20999df2af8eb42d56 -> 
  custom:audio-encoder-webm-vorbis: bf7c407c2cedff20999df2af8eb42d56 -> 
AssetImportWorkerClient::OnTransportError - code=2 error=End of file
